Performing C SOURCE FILE Test CMAKE_HAVE_LIBC_PTHREAD failed with the following output:
Change Dir: /home/bdmendes/Documents/Faculdade/2 ano/AEDA/feup-aeda/aeda2021_p06/cmake-build-debug/CMakeFiles/CMakeTmp

Run Build Command(s):/usr/bin/make cmTC_b93e0/fast && /usr/bin/make  -f CMakeFiles/cmTC_b93e0.dir/build.make CMakeFiles/cmTC_b93e0.dir/build
make[1]: Entering directory '/home/bdmendes/Documents/Faculdade/2 ano/AEDA/feup-aeda/aeda2021_p06/cmake-build-debug/CMakeFiles/CMakeTmp'
Building C object CMakeFiles/cmTC_b93e0.dir/src.c.o
/usr/bin/cc   -DCMAKE_HAVE_LIBC_PTHREAD   -o CMakeFiles/cmTC_b93e0.dir/src.c.o   -c "/home/bdmendes/Documents/Faculdade/2 ano/AEDA/feup-aeda/aeda2021_p06/cmake-build-debug/CMakeFiles/CMakeTmp/src.c"
Linking C executable cmTC_b93e0
/var/lib/snapd/snap/clion/129/bin/cmake/linux/bin/cmake -E cmake_link_script CMakeFiles/cmTC_b93e0.dir/link.txt --verbose=1
/usr/bin/cc  -DCMAKE_HAVE_LIBC_PTHREAD    -rdynamic CMakeFiles/cmTC_b93e0.dir/src.c.o  -o cmTC_b93e0 
/usr/bin/ld: CMakeFiles/cmTC_b93e0.dir/src.c.o: in function `main':
src.c:(.text+0x3e): undefined reference to `pthread_create'
/usr/bin/ld: src.c:(.text+0x4a): undefined reference to `pthread_detach'
/usr/bin/ld: src.c:(.text+0x56): undefined reference to `pthread_cancel'
/usr/bin/ld: src.c:(.text+0x67): undefined reference to `pthread_join'
collect2: error: ld returned 1 exit status
make[1]: *** [CMakeFiles/cmTC_b93e0.dir/build.make:107: cmTC_b93e0] Error 1
make[1]: Leaving directory '/home/bdmendes/Documents/Faculdade/2 ano/AEDA/feup-aeda/aeda2021_p06/cmake-build-debug/CMakeFiles/CMakeTmp'
make: *** [Makefile:141: cmTC_b93e0/fast] Error 2


Source file was:
#include <pthread.h>

void* test_func(void* data)
{
  return data;
}

int main(void)
{
  pthread_t thread;
  pthread_create(&thread, NULL, test_func, NULL);
  pthread_detach(thread);
  pthread_cancel(thread);
  pthread_join(thread, NULL);
  pthread_atfork(NULL, NULL, NULL);
  pthread_exit(NULL);

  return 0;
}

Determining if the function pthread_create exists in the pthreads failed with the following output:
Change Dir: /home/bdmendes/Documents/Faculdade/2 ano/AEDA/feup-aeda/aeda2021_p06/cmake-build-debug/CMakeFiles/CMakeTmp

Run Build Command(s):/usr/bin/make cmTC_66e0f/fast && /usr/bin/make  -f CMakeFiles/cmTC_66e0f.dir/build.make CMakeFiles/cmTC_66e0f.dir/build
make[1]: Entering directory '/home/bdmendes/Documents/Faculdade/2 ano/AEDA/feup-aeda/aeda2021_p06/cmake-build-debug/CMakeFiles/CMakeTmp'
Building C object CMakeFiles/cmTC_66e0f.dir/CheckFunctionExists.c.o
/usr/bin/cc   -DCHECK_FUNCTION_EXISTS=pthread_create   -o CMakeFiles/cmTC_66e0f.dir/CheckFunctionExists.c.o   -c /var/lib/snapd/snap/clion/129/bin/cmake/linux/share/cmake-3.17/Modules/CheckFunctionExists.c
Linking C executable cmTC_66e0f
/var/lib/snapd/snap/clion/129/bin/cmake/linux/bin/cmake -E cmake_link_script CMakeFiles/cmTC_66e0f.dir/link.txt --verbose=1
/usr/bin/cc  -DCHECK_FUNCTION_EXISTS=pthread_create    -rdynamic CMakeFiles/cmTC_66e0f.dir/CheckFunctionExists.c.o  -o cmTC_66e0f  -lpthreads 
/usr/bin/ld: cannot find -lpthreads
collect2: error: ld returned 1 exit status
make[1]: *** [CMakeFiles/cmTC_66e0f.dir/build.make:107: cmTC_66e0f] Error 1
make[1]: Leaving directory '/home/bdmendes/Documents/Faculdade/2 ano/AEDA/feup-aeda/aeda2021_p06/cmake-build-debug/CMakeFiles/CMakeTmp'
make: *** [Makefile:141: cmTC_66e0f/fast] Error 2



